<?xml version="1.0" encoding="UTF-8"?>
<robot generator="Robot 4.1.2 (Python 3.9.2 on darwin)" generated="20220320 03:14:14.145" rpa="false" schemaversion="2">
<suite id="s1" name="Login" source="/Users/joseph/Documents/RareJob/my-tests/framework/robot/test-scripts/orange-hrm/web/tests/Login.robot">
<test id="s1-t1" name="Check user login placeholder">
<kw name="Open application" library="Common" type="SETUP">
<kw name="Open Browser" library="SeleniumLibrary">
<arg>about:blank</arg>
<arg>${BROWSER}</arg>
<doc>Opens a new browser instance to the optional ``url``.</doc>
<msg timestamp="20220320 03:14:14.299" level="INFO">Opening browser 'chrome' to base url 'about:blank'.</msg>
<status status="PASS" starttime="20220320 03:14:14.299" endtime="20220320 03:14:16.302"/>
</kw>
<status status="PASS" starttime="20220320 03:14:14.299" endtime="20220320 03:14:16.302"/>
</kw>
<kw name="Given I'm on the login page" library="LoginKeywords">
<kw name="Go To" library="SeleniumLibrary">
<arg>${BASE_URL.${ENVIRONTMENT}}</arg>
<doc>Navigates the current browser window to the provided ``url``.</doc>
<msg timestamp="20220320 03:14:16.304" level="INFO">Opening url 'https://opensource-demo.orangehrmlive.com/'</msg>
<status status="PASS" starttime="20220320 03:14:16.303" endtime="20220320 03:14:19.343"/>
</kw>
<status status="PASS" starttime="20220320 03:14:16.303" endtime="20220320 03:14:19.343"/>
</kw>
<kw name="When I checked on the user placeholder" library="LoginKeywords">
<kw name="Get Text" library="SeleniumLibrary">
<arg>css:div#divUsername&gt;span.form-hint</arg>
<doc>Returns the text value of the element identified by ``locator``.</doc>
<status status="PASS" starttime="20220320 03:14:19.344" endtime="20220320 03:14:19.367"/>
</kw>
<status status="PASS" starttime="20220320 03:14:19.343" endtime="20220320 03:14:19.368"/>
</kw>
<kw name="Then I should be able to get the correct placeholder label" library="LoginKeywords">
<kw name="Element Text Should Be" library="SeleniumLibrary">
<arg>css:div#divUsername&gt;span.form-hint</arg>
<arg>Username</arg>
<doc>Verifies that element ``locator`` contains exact the text ``expected``.</doc>
<msg timestamp="20220320 03:14:19.369" level="INFO">Verifying element 'css:div#divUsername&gt;span.form-hint' contains exact text 'Username'.</msg>
<status status="PASS" starttime="20220320 03:14:19.368" endtime="20220320 03:14:19.381"/>
</kw>
<status status="PASS" starttime="20220320 03:14:19.368" endtime="20220320 03:14:19.381"/>
</kw>
<kw name="Close application" library="Common" type="TEARDOWN">
<kw name="Close Browser" library="SeleniumLibrary">
<doc>Closes the current browser.</doc>
<status status="PASS" starttime="20220320 03:14:19.382" endtime="20220320 03:14:19.457"/>
</kw>
<status status="PASS" starttime="20220320 03:14:19.381" endtime="20220320 03:14:19.457"/>
</kw>
<tag>LAN</tag>
<tag>LOG</tag>
<tag>WEB</tag>
<status status="PASS" starttime="20220320 03:14:14.298" endtime="20220320 03:14:19.457"/>
</test>
<status status="PASS" starttime="20220320 03:14:14.147" endtime="20220320 03:14:19.458"/>
</suite>
<statistics>
<total>
<stat pass="1" fail="0" skip="0">All Tests</stat>
</total>
<tag>
<stat pass="1" fail="0" skip="0">LAN</stat>
<stat pass="1" fail="0" skip="0">LOG</stat>
<stat pass="1" fail="0" skip="0">WEB</stat>
</tag>
<suite>
<stat pass="1" fail="0" skip="0" id="s1" name="Login">Login</stat>
</suite>
</statistics>
<errors>
</errors>
</robot>
